<?xml version="1.0" encoding="UTF-8"?>
<!-- Generated by org.testng.reporters.JUnitReportReporter -->
<testsuite hostname="morgans-MacBook-Pro.local" failures="0" tests="2" name="com.automation.testCases.StandAloneTestNGTest02" time="0.004" errors="0" timestamp="16 Aug 2019 04:46:53 GMT" skipped="0">
  <testcase classname="com.automation.testCases.StandAloneTestNGTest02" name="testCase1" time="0.002"/>
  <testcase classname="com.automation.testCases.StandAloneTestNGTest02" name="testCase2" time="0.002"/>
</testsuite> <!-- com.automation.testCases.StandAloneTestNGTest02 -->
