<?xml version="1.0" encoding="UTF-8"?>
<!-- Generated by org.testng.reporters.JUnitReportReporter -->
<testsuite skipped="0" hostname="morgans-MacBook-Pro.local" name="com.automation.testCases.QAtest01" tests="1" failures="0" timestamp="31 Aug 2019 20:31:11 GMT" time="11.294" errors="0">
  <testcase name="popuptest" time="11.294" classname="com.automation.testCases.QAtest01"/>
</testsuite> <!-- com.automation.testCases.QAtest01 -->
