<?xml version="1.0" encoding="UTF-8"?>
<!-- Generated by org.testng.reporters.JUnitReportReporter -->
<testsuite hostname="morgans-MacBook-Pro.local" failures="0" tests="1" name="com.automation.testCases.StandaloneTest03" time="13.199" errors="0" timestamp="16 Aug 2019 04:46:53 GMT" skipped="0">
  <testcase classname="com.automation.testCases.StandaloneTest03" name="tester" time="13.199"/>
</testsuite> <!-- com.automation.testCases.StandaloneTest03 -->
