<?xml version="1.0" encoding="UTF-8"?>
<!-- Generated by org.testng.reporters.JUnitReportReporter -->
<testsuite hostname="morgans-MacBook-Pro.local" failures="0" tests="1" name="com.automation.testCases.StanaloneTestNGTest" time="5.540" errors="0" timestamp="16 Aug 2019 04:46:53 GMT" skipped="0">
  <testcase classname="com.automation.testCases.StanaloneTestNGTest" name="verifyHomepageTitle" time="5.540"/>
</testsuite> <!-- com.automation.testCases.StanaloneTestNGTest -->
