<?xml version="1.0" encoding="UTF-8"?>
<!-- Generated by org.testng.reporters.JUnitReportReporter -->
<testsuite skipped="0" hostname="morgans-MacBook-Pro.local" name="com.automation.testCases.LoginTest01" tests="2" failures="0" timestamp="31 Aug 2019 13:10:49 GMT" time="29.727" errors="0">
  <testcase name="LoginTest" time="5.146" classname="com.automation.testCases.LoginTest01"/>
  <testcase name="CreateAccountTest" time="24.581" classname="com.automation.testCases.LoginTest01"/>
</testsuite> <!-- com.automation.testCases.LoginTest01 -->
