<?xml version="1.0" encoding="UTF-8"?>
<!-- Generated by org.testng.reporters.JUnitReportReporter -->
<testsuite skipped="0" hostname="morgans-MacBook-Pro.local" name="com.automation.testCases.LoginTest01" tests="2" failures="0" timestamp="25 Aug 2019 08:36:52 GMT" time="35.125" errors="0">
  <testcase name="LoginTest" time="6.375" classname="com.automation.testCases.LoginTest01"/>
  <testcase name="CreateAccountTest" time="28.750" classname="com.automation.testCases.LoginTest01"/>
</testsuite> <!-- com.automation.testCases.LoginTest01 -->
