<?xml version="1.0" encoding="UTF-8"?>
<!-- Generated by org.testng.reporters.JUnitReportReporter -->
<testsuite skipped="0" hostname="morgans-MacBook-Pro.local" name="com.automation.testCases.LoginTest01" tests="2" failures="0" timestamp="26 Aug 2019 15:21:36 GMT" time="39.545" errors="0">
  <testcase name="CreateAccountTest" time="32.745" classname="com.automation.testCases.LoginTest01"/>
  <testcase name="LoginTest" time="6.800" classname="com.automation.testCases.LoginTest01"/>
</testsuite> <!-- com.automation.testCases.LoginTest01 -->
