<?xml version="1.0" encoding="UTF-8"?>
<!-- Generated by org.testng.reporters.JUnitReportReporter -->
<testsuite skipped="0" hostname="morgans-MacBook-Pro.local" name="com.automation.testCases.StandAloneTestNGTest02" tests="2" failures="0" timestamp="07 Sep 2019 04:58:42 GMT" time="0.009" errors="0">
  <testcase name="testCase2" time="0.002" classname="com.automation.testCases.StandAloneTestNGTest02"/>
  <testcase name="testCase1" time="0.007" classname="com.automation.testCases.StandAloneTestNGTest02"/>
</testsuite> <!-- com.automation.testCases.StandAloneTestNGTest02 -->
