<?xml version="1.0" encoding="UTF-8"?>
<!-- Generated by org.testng.reporters.JUnitReportReporter -->
<testsuite skipped="0" hostname="morgans-MacBook-Pro.local" name="com.automation.testCases.QAtest01" tests="1" failures="0" timestamp="26 Aug 2019 15:42:58 GMT" time="13.561" errors="0">
  <testcase name="LoginTest" time="13.561" classname="com.automation.testCases.QAtest01"/>
</testsuite> <!-- com.automation.testCases.QAtest01 -->
