<?xml version="1.0" encoding="UTF-8"?>
<!-- Generated by org.testng.reporters.JUnitReportReporter -->
<testsuite hostname="morgans-MacBook-Pro.local" failures="0" tests="1" name="com.automation.testCases.StandAloneProperties" time="3.358" errors="0" timestamp="16 Aug 2019 14:09:01 GMT" skipped="0">
  <testcase classname="com.automation.testCases.StandAloneProperties" name="tester" time="3.358"/>
</testsuite> <!-- com.automation.testCases.StandAloneProperties -->
