<?xml version="1.0" encoding="UTF-8"?>
<!-- Generated by org.testng.reporters.JUnitReportReporter -->
<testsuite skipped="0" hostname="morgans-MacBook-Pro.local" name="com.automation.testCases.QAtest01" tests="2" failures="0" timestamp="01 Sep 2019 07:28:11 GMT" time="25.719" errors="0">
  <testcase name="popuptest" time="12.973" classname="com.automation.testCases.QAtest01"/>
  <testcase name="LoginTest" time="12.746" classname="com.automation.testCases.QAtest01"/>
</testsuite> <!-- com.automation.testCases.QAtest01 -->
