<?xml version="1.0" encoding="UTF-8"?>
<!-- Generated by org.testng.reporters.JUnitReportReporter -->
<testsuite skipped="0" hostname="morgans-MacBook-Pro.local" name="com.automation.testCases.QAordertest" tests="1" failures="0" timestamp="31 Aug 2019 13:18:40 GMT" time="8.327" errors="0">
  <testcase name="dropdntest" time="8.327" classname="com.automation.testCases.QAordertest"/>
</testsuite> <!-- com.automation.testCases.QAordertest -->
