<?xml version="1.0" encoding="UTF-8"?>
<!-- Generated by org.testng.reporters.JUnitReportReporter -->
<testsuite hostname="morgans-MacBook-Pro.local" failures="0" tests="2" name="com.automation.testCases.LoginTest01" time="30.157" errors="0" timestamp="16 Aug 2019 04:46:53 GMT" skipped="0">
  <testcase classname="com.automation.testCases.LoginTest01" name="LoginTest" time="5.040"/>
  <testcase classname="com.automation.testCases.LoginTest01" name="CreateAccountTest" time="25.117"/>
</testsuite> <!-- com.automation.testCases.LoginTest01 -->
