<?xml version="1.0" encoding="UTF-8"?>
<!-- Generated by org.testng.reporters.JUnitReportReporter -->
<testsuite skipped="0" hostname="morgans-MacBook-Pro.local" name="com.automation.testCases.QAtest01" tests="1" failures="0" timestamp="27 Aug 2019 15:24:44 GMT" time="6.631" errors="0">
  <testcase name="LoginTest" time="6.631" classname="com.automation.testCases.QAtest01"/>
</testsuite> <!-- com.automation.testCases.QAtest01 -->
