<?xml version="1.0" encoding="UTF-8"?>
<!-- Generated by org.testng.reporters.JUnitReportReporter -->
<testsuite skipped="0" hostname="morgans-MacBook-Pro.local" name="com.automation.testCases.StandAloneProperties" tests="1" failures="0" timestamp="31 Aug 2019 06:53:08 GMT" time="3.463" errors="0">
  <testcase name="tester" time="3.463" classname="com.automation.testCases.StandAloneProperties"/>
</testsuite> <!-- com.automation.testCases.StandAloneProperties -->
